<?xml version="1.0" encoding="UTF-8"?>
<!-- Generated by org.testng.reporters.JUnitReportReporter -->
<testsuite hostname="DESKTOP-KKDT01F" failures="0" tests="3" name="com.testng.Amazon_TestNG" time="9.564" errors="0" timestamp="2022-11-08T21:13:57 IST" skipped="0">
  <testcase classname="com.testng.Amazon_TestNG" name="select_from_dropdown" time="3.984"/>
  <system-out/>
  <testcase classname="com.testng.Amazon_TestNG" name="send_the_value" time="2.264"/>
  <system-out/>
  <testcase classname="com.testng.Amazon_TestNG" name="find_the_exact_searchvalue_in_the_suggestion_click" time="3.316"/>
  <system-out/>
</testsuite> <!-- com.testng.Amazon_TestNG -->
